03-18 21:14 root         DEBUG    debug_test start. args:('100',), kwargs:{'m': '200'}
03-18 21:14 root         DEBUG    debug_test finish. result:None
03-18 21:14 root         INFO     info_test start. args:('100',), kwargs:{'m': '200'}
03-18 21:14 root         INFO     info_test finish. result:None
03-18 21:14 root         INFO     ==========main_start_test start==========
03-18 21:14 root         INFO     main_start_test start. args:('100',), kwargs:{'m': '200'}
03-18 21:14 root         INFO     main_start_test finish. result:None
03-18 21:14 root         INFO     ==========main_start_test finish==========
03-18 21:21 root         DEBUG    debug_test start. args:('100',), kwargs:{'m': '200'}
03-18 21:21 root         DEBUG    debug_test finish. result:None
03-18 21:21 root         INFO     info_test start. args:('100',), kwargs:{'m': '200'}
03-18 21:21 root         INFO     info_test finish. result:None
03-18 21:21 root         INFO     ==========main_start_test start==========
03-18 21:21 root         INFO     main_start_test start. args:('100',), kwargs:{'m': '200'}
03-18 21:21 root         INFO     main_start_test finish. result:None
03-18 21:21 root         INFO     ==========main_start_test finish==========
03-18 21:21 root         DEBUG    debug_test start. args:('100',), kwargs:{'m': '200'}
03-18 21:21 root         DEBUG    debug_test finish. result:None
03-18 21:21 root         INFO     info_test start. args:('100',), kwargs:{'m': '200'}
03-18 21:21 root         INFO     info_test finish. result:None
03-18 21:21 root         INFO     ==========main_start_test start==========
03-18 21:21 root         INFO     main_start_test start. args:('100',), kwargs:{'m': '200'}
03-18 21:21 root         INFO     main_start_test finish. result:None
03-18 21:21 root         INFO     ==========main_start_test finish==========
03-18 21:22 root         DEBUG    debug_test start. args:('100',), kwargs:{'m': '200'}
03-18 21:22 root         DEBUG    debug_test finish. result:None
03-18 21:22 root         INFO     info_test start. args:('100',), kwargs:{'m': '200'}
03-18 21:22 root         INFO     info_test finish. result:None
03-18 21:22 root         INFO     ==========main_start_test start==========
03-18 21:22 root         INFO     main_start_test start. args:('100',), kwargs:{'m': '200'}
03-18 21:22 root         INFO     main_start_test finish. result:None
03-18 21:22 root         INFO     ==========main_start_test finish==========
03-18 21:22 root         INFO     get_time_test finish. time:0.15700
03-18 21:24 root         DEBUG    debug_test start. args:('100',), kwargs:{'m': '200'}
03-18 21:24 root         DEBUG    debug_test finish. result:None
03-18 21:24 root         INFO     info_test start. args:('100',), kwargs:{'m': '200'}
03-18 21:24 root         INFO     info_test finish. result:None
03-18 21:24 root         INFO     ==========main_start_test start==========
03-18 21:24 root         INFO     main_start_test start. args:('100',), kwargs:{'m': '200'}
03-18 21:24 root         INFO     main_start_test finish. result:None
03-18 21:24 root         INFO     ==========main_start_test finish==========
03-18 21:24 root         INFO     get_time_test finish. time:0.10600
